[debug] [2021-03-17T09:47:40.556Z] ----------------------------------------------------------------------
[debug] [2021-03-17T09:47:40.558Z] Command:       C:\Program Files\nodejs\node.exe C:\Users\Marti\AppData\Roaming\npm\node_modules\firebase-tools\lib\bin\firebase.js init database
[debug] [2021-03-17T09:47:40.558Z] CLI Version:   9.6.1
[debug] [2021-03-17T09:47:40.558Z] Platform:      win32
[debug] [2021-03-17T09:47:40.558Z] Node Version:  v14.15.0
[debug] [2021-03-17T09:47:40.559Z] Time:          Wed Mar 17 2021 11:47:40 GMT+0200 (Източноевропейско стандартно време)
[debug] [2021-03-17T09:47:40.559Z] ----------------------------------------------------------------------
[debug] [2021-03-17T09:47:40.559Z] 
[debug] [2021-03-17T09:47:40.564Z] > command requires scopes: ["email","openid","https://www.googleapis.com/auth/cloudplatformprojects.readonly","https://www.googleapis.com/auth/firebase","https://www.googleapis.com/auth/cloud-platform"]
[debug] [2021-03-17T09:47:40.564Z] > authorizing via signed-in user
[info] 
     ######## #### ########  ######## ########     ###     ######  ########
     ##        ##  ##     ## ##       ##     ##  ##   ##  ##       ##
     ######    ##  ########  ######   ########  #########  ######  ######
     ##        ##  ##    ##  ##       ##     ## ##     ##       ## ##
     ##       #### ##     ## ######## ########  ##     ##  ######  ########

You're about to initialize a Firebase project in this directory:

  C:\Users\Marti\OneDrive\Работен плот\ReactApp

Before we get started, keep in mind:

  * You are initializing in an existing Firebase project directory

[info] 
=== Project Setup
[info] 
[info] First, let's associate this project directory with a Firebase project.
[info] You can create multiple project aliases by running firebase use --add, 
[info] but for now we'll just set up a default project.
[info] 
[info] i  .firebaserc already has a default project, using reactapp-248b5. 
[debug] [2021-03-17T09:47:53.250Z] >>> [apiv2][query] GET https://firebase.googleapis.com/v1beta1/projects/reactapp-248b5 [none]
[debug] [2021-03-17T09:47:53.498Z] <<< [apiv2][status] GET https://firebase.googleapis.com/v1beta1/projects/reactapp-248b5 200
[debug] [2021-03-17T09:47:53.498Z] <<< [apiv2][body] GET https://firebase.googleapis.com/v1beta1/projects/reactapp-248b5 {"projectId":"reactapp-248b5","projectNumber":"327854768284","displayName":"ReactApp","name":"projects/reactapp-248b5","resources":{"hostingSite":"reactapp-248b5","storageBucket":"reactapp-248b5.appspot.com","locationId":"europe-west"},"state":"ACTIVE"}
[info] 
=== Database Setup
[info] i  database: ensuring required API firebasedatabase.googleapis.com is enabled... 
[debug] [2021-03-17T09:47:53.501Z] > refreshing access token with scopes: ["email","https://www.googleapis.com/auth/cloud-platform","https://www.googleapis.com/auth/cloudplatformprojects.readonly","https://www.googleapis.com/auth/firebase","openid"]
[debug] [2021-03-17T09:47:53.501Z] >>> HTTP REQUEST POST https://www.googleapis.com/oauth2/v3/token  
 <request body omitted>
[debug] [2021-03-17T09:47:53.630Z] <<< HTTP RESPONSE 200 {"pragma":"no-cache","date":"Wed, 17 Mar 2021 09:47:53 GMT","expires":"Mon, 01 Jan 1990 00:00:00 GMT","cache-control":"no-cache, no-store, max-age=0, must-revalidate","content-type":"application/json; charset=utf-8","vary":"X-Origin, Referer, Origin,Accept-Encoding","server":"scaffolding on HTTPServer2","x-xss-protection":"0","x-frame-options":"SAMEORIGIN","x-content-type-options":"nosniff","alt-svc":"h3-29=\":443\"; ma=2592000,h3-T051=\":443\"; ma=2592000,h3-Q050=\":443\"; ma=2592000,h3-Q046=\":443\"; ma=2592000,h3-Q043=\":443\"; ma=2592000,quic=\":443\"; ma=2592000; v=\"46,43\"","accept-ranges":"none","transfer-encoding":"chunked"}
[debug] [2021-03-17T09:47:53.646Z] >>> HTTP REQUEST GET https://serviceusage.googleapis.com/v1/projects/reactapp-248b5/services/firebasedatabase.googleapis.com  
 
[debug] [2021-03-17T09:47:54.709Z] <<< HTTP RESPONSE 200 {"content-type":"application/json; charset=UTF-8","vary":"X-Origin, Referer, Origin,Accept-Encoding","date":"Wed, 17 Mar 2021 09:47:54 GMT","server":"ESF","cache-control":"private","x-xss-protection":"0","x-frame-options":"SAMEORIGIN","x-content-type-options":"nosniff","alt-svc":"h3-29=\":443\"; ma=2592000,h3-T051=\":443\"; ma=2592000,h3-Q050=\":443\"; ma=2592000,h3-Q046=\":443\"; ma=2592000,h3-Q043=\":443\"; ma=2592000,quic=\":443\"; ma=2592000; v=\"46,43\"","accept-ranges":"none","transfer-encoding":"chunked"}
[info] +  database: required API firebasedatabase.googleapis.com is enabled 
[info] 
[debug] [2021-03-17T09:47:54.711Z] > refreshing access token with scopes: []
[debug] [2021-03-17T09:47:54.711Z] >>> HTTP REQUEST POST https://www.googleapis.com/oauth2/v3/token  
 <request body omitted>
[debug] [2021-03-17T09:47:54.825Z] <<< HTTP RESPONSE 200 {"pragma":"no-cache","date":"Wed, 17 Mar 2021 09:47:55 GMT","expires":"Mon, 01 Jan 1990 00:00:00 GMT","cache-control":"no-cache, no-store, max-age=0, must-revalidate","content-type":"application/json; charset=utf-8","vary":"X-Origin, Referer, Origin,Accept-Encoding","server":"scaffolding on HTTPServer2","x-xss-protection":"0","x-frame-options":"SAMEORIGIN","x-content-type-options":"nosniff","alt-svc":"h3-29=\":443\"; ma=2592000,h3-T051=\":443\"; ma=2592000,h3-Q050=\":443\"; ma=2592000,h3-Q046=\":443\"; ma=2592000,h3-Q043=\":443\"; ma=2592000,quic=\":443\"; ma=2592000; v=\"46,43\"","accept-ranges":"none","transfer-encoding":"chunked"}
[debug] [2021-03-17T09:47:54.839Z] >>> [apiv2][query] GET https://firebase.googleapis.com/v1beta1/projects/reactapp-248b5 [none]
[debug] [2021-03-17T09:47:55.028Z] <<< [apiv2][status] GET https://firebase.googleapis.com/v1beta1/projects/reactapp-248b5 200
[debug] [2021-03-17T09:47:55.028Z] <<< [apiv2][body] GET https://firebase.googleapis.com/v1beta1/projects/reactapp-248b5 {"projectId":"reactapp-248b5","projectNumber":"327854768284","displayName":"ReactApp","name":"projects/reactapp-248b5","resources":{"hostingSite":"reactapp-248b5","storageBucket":"reactapp-248b5.appspot.com","locationId":"europe-west"},"state":"ACTIVE"}
